1431344930.000005 62 48 20 T 28 0
1431344935.487030 66 1500 20 T 32 1448
1431344935.487153 14 - - - - -
1431344935.487275 66 1500 20 T 32 1448
1431344935.487481 54 40 20 T 20 0
1431344935.487645 66 1500 20 T 32 1448
1431344935.487768 34 1500 20 T - -
1431344935.487784 62 48 20 T 28 0
1431344935.487911 74 1508 28 T 32 1448
1431344935.488033 66 1500 20 T 32 1448
1431344935.488131 42 110 20 U 8 82
1431344935.488155 66 1500 20 T 32 1448
1431344935.488280 66 1500 20 T 32 1448
1431344935.488294 54 40 20 T 20 0
1431344935.488301 50 78 28 U 8 42
1431344935.488666 42 142 20 U 8 114
1431344935.489163 66 52 20 T 32 0
1431344935.489172 66 52 20 T 32 0
1431344935.489593 74 60 20 T 40 0
1431344935.489770 66 52 20 T 32 0
1431344935.494053 54 40 20 T 20 0
1431344935.494191 34 44 20 ? ? ?
1431344935.494933 58 1504 24 T 20 1460
1431344935.495096 54 1500 20 T 20 1460
1431344935.495223 54 1500 20 T 20 1460
1431344935.495343 54 1500 20 T 20 1460
1431344935.495655 54 40 20 T 20 0
1431344935.495664 42 122 20 U 8 94
1431344935.503842 34 44 20 ? ? ?
1431344935.503969 66 1500 20 T 32 1448
1431344935.504501 38 99 20 ? ? ?
1431344935.504522 66 1500 20 T 32 1448
